This file contains any messages produced by compilers while
running configure, to aid debugging if configure makes a mistake.

It was created by qperf configure 0.4.9, which was
generated by GNU Autoconf 2.69.  Invocation command line was

  $ ./configure 

## --------- ##
## Platform. ##
## --------- ##

hostname = 768d456c4670
uname -m = x86_64
uname -r = 4.4.16-boot2docker
uname -s = Linux
uname -v = #1 SMP Fri Jul 29 00:13:24 UTC 2016

/usr/bin/uname -p = unknown
/bin/uname -X     = unknown

/bin/arch              = unknown
/usr/bin/arch -k       = unknown
/usr/convex/getsysinfo = unknown
/usr/bin/hostinfo      = unknown
/bin/machine           = unknown
/usr/bin/oslevel       = unknown
/bin/universe          = unknown

PATH: /go/bin
PATH: /usr/local/go/bin
PATH: /usr/local/sbin
PATH: /usr/local/bin
PATH: /usr/sbin
PATH: /usr/bin
PATH: /sbin
PATH: /bin


## ----------- ##
## Core tests. ##
## ----------- ##

configure:1881: checking for a BSD-compatible install
configure:1949: result: /usr/bin/install -c
configure:1960: checking whether build environment is sane
configure:2015: result: yes
configure:2166: checking for a thread-safe mkdir -p
configure:2205: result: /bin/mkdir -p
configure:2212: checking for gawk
configure:2242: result: no
configure:2212: checking for mawk
configure:2228: found /usr/bin/mawk
configure:2239: result: mawk
configure:2250: checking whether make sets $(MAKE)
configure:2272: result: yes
configure:2301: checking whether make supports nested variables
configure:2318: result: yes
configure:2493: checking for gcc
configure:2509: found /usr/bin/gcc
configure:2520: result: gcc
configure:2749: checking for C compiler version
configure:2758: gcc --version >&5
gcc (Debian 4.9.2-10) 4.9.2
Copyright (C) 2014 Free Software Foundation, Inc.
This is free software; see the source for copying conditions.  There is NO
warranty; not even for MERCHANTABILITY or FITNESS FOR A PARTICULAR PURPOSE.

configure:2769: $? = 0
configure:2758: gcc -v >&5
Using built-in specs.
COLLECT_GCC=gcc
COLLECT_LTO_WRAPPER=/usr/lib/gcc/x86_64-linux-gnu/4.9/lto-wrapper
Target: x86_64-linux-gnu
Configured with: ../src/configure -v --with-pkgversion='Debian 4.9.2-10' --with-bugurl=file:///usr/share/doc/gcc-4.9/README.Bugs --enable-languages=c,c++,java,go,d,fortran,objc,obj-c++ --prefix=/usr --program-suffix=-4.9 --enable-shared --enable-linker-build-id --libexecdir=/usr/lib --without-included-gettext --enable-threads=posix --with-gxx-include-dir=/usr/include/c++/4.9 --libdir=/usr/lib --enable-nls --with-sysroot=/ --enable-clocale=gnu --enable-libstdcxx-debug --enable-libstdcxx-time=yes --enable-gnu-unique-object --disable-vtable-verify --enable-plugin --with-system-zlib --disable-browser-plugin --enable-java-awt=gtk --enable-gtk-cairo --with-java-home=/usr/lib/jvm/java-1.5.0-gcj-4.9-amd64/jre --enable-java-home --with-jvm-root-dir=/usr/lib/jvm/java-1.5.0-gcj-4.9-amd64 --with-jvm-jar-dir=/usr/lib/jvm-exports/java-1.5.0-gcj-4.9-amd64 --with-arch-directory=amd64 --with-ecj-jar=/usr/share/java/eclipse-ecj.jar --enable-objc-gc --enable-multiarch --with-arch-32=i586 --with-abi=m64 --with-multilib-list=m32,m64,mx32 --enable-multilib --with-tune=generic --enable-checking=release --build=x86_64-linux-gnu --host=x86_64-linux-gnu --target=x86_64-linux-gnu
Thread model: posix
gcc version 4.9.2 (Debian 4.9.2-10) 
configure:2769: $? = 0
configure:2758: gcc -V >&5
gcc: error: unrecognized command line option '-V'
gcc: fatal error: no input files
compilation terminated.
configure:2769: $? = 4
configure:2758: gcc -qversion >&5
gcc: error: unrecognized command line option '-qversion'
gcc: fatal error: no input files
compilation terminated.
configure:2769: $? = 4
configure:2789: checking whether the C compiler works
configure:2811: gcc    conftest.c  >&5
configure:2815: $? = 0
configure:2863: result: yes
configure:2866: checking for C compiler default output file name
configure:2868: result: a.out
configure:2874: checking for suffix of executables
configure:2881: gcc -o conftest    conftest.c  >&5
configure:2885: $? = 0
configure:2907: result: 
configure:2929: checking whether we are cross compiling
configure:2937: gcc -o conftest    conftest.c  >&5
configure:2941: $? = 0
configure:2948: ./conftest
configure:2952: $? = 0
configure:2967: result: no
configure:2972: checking for suffix of object files
configure:2994: gcc -c   conftest.c >&5
configure:2998: $? = 0
configure:3019: result: o
configure:3023: checking whether we are using the GNU C compiler
configure:3042: gcc -c   conftest.c >&5
configure:3042: $? = 0
configure:3051: result: yes
configure:3060: checking whether gcc accepts -g
configure:3080: gcc -c -g  conftest.c >&5
configure:3080: $? = 0
configure:3121: result: yes
configure:3138: checking for gcc option to accept ISO C89
configure:3201: gcc  -c -g -O2  conftest.c >&5
configure:3201: $? = 0
configure:3214: result: none needed
configure:3239: checking whether gcc understands -c and -o together
configure:3261: gcc -c conftest.c -o conftest2.o
configure:3264: $? = 0
configure:3261: gcc -c conftest.c -o conftest2.o
configure:3264: $? = 0
configure:3276: result: yes
configure:3304: checking for style of include used by make
configure:3332: result: GNU
configure:3358: checking dependency style of gcc
configure:3469: result: gcc3
configure:3485: checking for ibv_open_device in -libverbs
configure:3510: gcc -o conftest -g -O2   conftest.c -libverbs   >&5
/usr/bin/ld: cannot find -libverbs
collect2: error: ld returned 1 exit status
configure:3510: $? = 1
configure: failed program was:
| /* confdefs.h */
| #define PACKAGE_NAME "qperf"
| #define PACKAGE_TARNAME "qperf"
| #define PACKAGE_VERSION "0.4.9"
| #define PACKAGE_STRING "qperf 0.4.9"
| #define PACKAGE_BUGREPORT "general@lists.openfabrics.org"
| #define PACKAGE_URL ""
| #define PACKAGE "qperf"
| #define VERSION "0.4.9"
| /* end confdefs.h.  */
| 
| /* Override any GCC internal prototype to avoid an error.
|    Use char because int might match the return type of a GCC
|    builtin and then its argument prototype would still apply.  */
| #ifdef __cplusplus
| extern "C"
| #endif
| char ibv_open_device ();
| int
| main ()
| {
| return ibv_open_device ();
|   ;
|   return 0;
| }
configure:3519: result: no
configure:3525: checking for ibv_open_xrc_domain in -libverbs
configure:3550: gcc -o conftest -g -O2   conftest.c -libverbs   >&5
/usr/bin/ld: cannot find -libverbs
collect2: error: ld returned 1 exit status
configure:3550: $? = 1
configure: failed program was:
| /* confdefs.h */
| #define PACKAGE_NAME "qperf"
| #define PACKAGE_TARNAME "qperf"
| #define PACKAGE_VERSION "0.4.9"
| #define PACKAGE_STRING "qperf 0.4.9"
| #define PACKAGE_BUGREPORT "general@lists.openfabrics.org"
| #define PACKAGE_URL ""
| #define PACKAGE "qperf"
| #define VERSION "0.4.9"
| /* end confdefs.h.  */
| 
| /* Override any GCC internal prototype to avoid an error.
|    Use char because int might match the return type of a GCC
|    builtin and then its argument prototype would still apply.  */
| #ifdef __cplusplus
| extern "C"
| #endif
| char ibv_open_xrc_domain ();
| int
| main ()
| {
| return ibv_open_xrc_domain ();
|   ;
|   return 0;
| }
configure:3559: result: no
configure:3565: checking for rdma_create_id in -lrdmacm
configure:3590: gcc -o conftest -g -O2   conftest.c -lrdmacm   >&5
/usr/bin/ld: cannot find -lrdmacm
collect2: error: ld returned 1 exit status
configure:3590: $? = 1
configure: failed program was:
| /* confdefs.h */
| #define PACKAGE_NAME "qperf"
| #define PACKAGE_TARNAME "qperf"
| #define PACKAGE_VERSION "0.4.9"
| #define PACKAGE_STRING "qperf 0.4.9"
| #define PACKAGE_BUGREPORT "general@lists.openfabrics.org"
| #define PACKAGE_URL ""
| #define PACKAGE "qperf"
| #define VERSION "0.4.9"
| /* end confdefs.h.  */
| 
| /* Override any GCC internal prototype to avoid an error.
|    Use char because int might match the return type of a GCC
|    builtin and then its argument prototype would still apply.  */
| #ifdef __cplusplus
| extern "C"
| #endif
| char rdma_create_id ();
| int
| main ()
| {
| return rdma_create_id ();
|   ;
|   return 0;
| }
configure:3599: result: no
configure:3775: checking that generated files are newer than configure
configure:3781: result: done
configure:3812: creating ./config.status

## ---------------------- ##
## Running config.status. ##
## ---------------------- ##

This file was extended by qperf config.status 0.4.9, which was
generated by GNU Autoconf 2.69.  Invocation command line was

  CONFIG_FILES    = 
  CONFIG_HEADERS  = 
  CONFIG_LINKS    = 
  CONFIG_COMMANDS = 
  $ ./config.status 

on 768d456c4670

config.status:778: creating qperf.spec
config.status:778: creating Makefile
config.status:778: creating src/Makefile
config.status:950: executing depfiles commands

## ---------------- ##
## Cache variables. ##
## ---------------- ##

ac_cv_c_compiler_gnu=yes
ac_cv_env_CC_set=
ac_cv_env_CC_value=
ac_cv_env_CFLAGS_set=
ac_cv_env_CFLAGS_value=
ac_cv_env_CPPFLAGS_set=
ac_cv_env_CPPFLAGS_value=
ac_cv_env_LDFLAGS_set=
ac_cv_env_LDFLAGS_value=
ac_cv_env_LIBS_set=
ac_cv_env_LIBS_value=
ac_cv_env_build_alias_set=
ac_cv_env_build_alias_value=
ac_cv_env_host_alias_set=
ac_cv_env_host_alias_value=
ac_cv_env_target_alias_set=
ac_cv_env_target_alias_value=
ac_cv_lib_ibverbs_ibv_open_device=no
ac_cv_lib_ibverbs_ibv_open_xrc_domain=no
ac_cv_lib_rdmacm_rdma_create_id=no
ac_cv_objext=o
ac_cv_path_install='/usr/bin/install -c'
ac_cv_path_mkdir=/bin/mkdir
ac_cv_prog_AWK=mawk
ac_cv_prog_ac_ct_CC=gcc
ac_cv_prog_cc_c89=
ac_cv_prog_cc_g=yes
ac_cv_prog_make_make_set=yes
am_cv_CC_dependencies_compiler_type=gcc3
am_cv_make_support_nested_variables=yes
am_cv_prog_cc_c_o=yes

## ----------------- ##
## Output variables. ##
## ----------------- ##

ACLOCAL='${SHELL} /myqperf/missing aclocal-1.14'
AMDEPBACKSLASH='\'
AMDEP_FALSE='#'
AMDEP_TRUE=''
AMTAR='$${TAR-tar}'
AM_BACKSLASH='\'
AM_DEFAULT_V='$(AM_DEFAULT_VERBOSITY)'
AM_DEFAULT_VERBOSITY='1'
AM_V='$(V)'
AUTOCONF='${SHELL} /myqperf/missing autoconf'
AUTOHEADER='${SHELL} /myqperf/missing autoheader'
AUTOMAKE='${SHELL} /myqperf/missing automake-1.14'
AWK='mawk'
CC='gcc'
CCDEPMODE='depmode=gcc3'
CFLAGS='-g -O2'
CPPFLAGS=''
CYGPATH_W='echo'
DEFS='-DPACKAGE_NAME=\"qperf\" -DPACKAGE_TARNAME=\"qperf\" -DPACKAGE_VERSION=\"0.4.9\" -DPACKAGE_STRING=\"qperf\ 0.4.9\" -DPACKAGE_BUGREPORT=\"general@lists.openfabrics.org\" -DPACKAGE_URL=\"\" -DPACKAGE=\"qperf\" -DVERSION=\"0.4.9\"'
DEPDIR='.deps'
ECHO_C=''
ECHO_N='-n'
ECHO_T=''
EXEEXT=''
HAS_XRC_FALSE=''
HAS_XRC_TRUE='#'
INSTALL_DATA='${INSTALL} -m 644'
INSTALL_PROGRAM='${INSTALL}'
INSTALL_SCRIPT='${INSTALL}'
INSTALL_STRIP_PROGRAM='$(install_sh) -c -s'
LDFLAGS=''
LIBOBJS=''
LIBS=''
LTLIBOBJS=''
MAKEINFO='${SHELL} /myqperf/missing makeinfo'
MKDIR_P='/bin/mkdir -p'
OBJEXT='o'
PACKAGE='qperf'
PACKAGE_BUGREPORT='general@lists.openfabrics.org'
PACKAGE_NAME='qperf'
PACKAGE_STRING='qperf 0.4.9'
PACKAGE_TARNAME='qperf'
PACKAGE_URL=''
PACKAGE_VERSION='0.4.9'
PATH_SEPARATOR=':'
RDMA_FALSE=''
RDMA_TRUE='#'
SET_MAKE=''
SHELL='/bin/bash'
STRIP=''
VERSION='0.4.9'
ac_ct_CC='gcc'
am__EXEEXT_FALSE=''
am__EXEEXT_TRUE='#'
am__fastdepCC_FALSE='#'
am__fastdepCC_TRUE=''
am__include='include'
am__isrc=''
am__leading_dot='.'
am__nodep='_no'
am__quote=''
am__tar='$${TAR-tar} chof - "$$tardir"'
am__untar='$${TAR-tar} xf -'
bindir='${exec_prefix}/bin'
build_alias=''
datadir='${datarootdir}'
datarootdir='${prefix}/share'
docdir='${datarootdir}/doc/${PACKAGE_TARNAME}'
dvidir='${docdir}'
exec_prefix='${prefix}'
host_alias=''
htmldir='${docdir}'
includedir='${prefix}/include'
infodir='${datarootdir}/info'
install_sh='${SHELL} /myqperf/install-sh'
libdir='${exec_prefix}/lib'
libexecdir='${exec_prefix}/libexec'
localedir='${datarootdir}/locale'
localstatedir='${prefix}/var'
mandir='${datarootdir}/man'
mkdir_p='$(MKDIR_P)'
oldincludedir='/usr/include'
pdfdir='${docdir}'
prefix='/usr/local'
program_transform_name='s,x,x,'
psdir='${docdir}'
sbindir='${exec_prefix}/sbin'
sharedstatedir='${prefix}/com'
sysconfdir='${prefix}/etc'
target_alias=''

## ----------- ##
## confdefs.h. ##
## ----------- ##

/* confdefs.h */
#define PACKAGE_NAME "qperf"
#define PACKAGE_TARNAME "qperf"
#define PACKAGE_VERSION "0.4.9"
#define PACKAGE_STRING "qperf 0.4.9"
#define PACKAGE_BUGREPORT "general@lists.openfabrics.org"
#define PACKAGE_URL ""
#define PACKAGE "qperf"
#define VERSION "0.4.9"

configure: exit 0
